2026-01-08T21:17:28.795+01:00  INFO 11152 --- [shop.backend] [main] com.api.shop.backend.Application         : Starting Application using Java 25 with PID 11152 (C:\Users\TAO\Desktop\VERSION JENNA\L-Univers-de-Molly-main\shop.backend\target\classes started by TAO in C:\Users\TAO\Desktop\VERSION JENNA\L-Univers-de-Molly-main\shop.backend)
2026-01-08T21:17:28.804+01:00  INFO 11152 --- [shop.backend] [main] com.api.shop.backend.Application         : No active profile set, falling back to 1 default profile: "default"
2026-01-08T21:17:29.329+01:00  INFO 11152 --- [shop.backend] [main] .s.d.r.c.RepositoryConfigurationDelegate : Bootstrapping Spring Data JPA repositories in DEFAULT mode.
2026-01-08T21:17:29.386+01:00  INFO 11152 --- [shop.backend] [main] .s.d.r.c.RepositoryConfigurationDelegate : Finished Spring Data repository scanning in 47 ms. Found 8 JPA repository interfaces.
2026-01-08T21:17:29.818+01:00  INFO 11152 --- [shop.backend] [main] o.s.b.w.embedded.tomcat.TomcatWebServer  : Tomcat initialized with port 8081 (http)
2026-01-08T21:17:29.832+01:00  INFO 11152 --- [shop.backend] [main] o.apache.catalina.core.StandardService   : Starting service [Tomcat]
2026-01-08T21:17:29.832+01:00  INFO 11152 --- [shop.backend] [main] o.apache.catalina.core.StandardEngine    : Starting Servlet engine: [Apache Tomcat/10.1.48]
2026-01-08T21:17:29.884+01:00  INFO 11152 --- [shop.backend] [main] o.a.c.c.C.[Tomcat].[localhost].[/]       : Initializing Spring embedded WebApplicationContext
2026-01-08T21:17:29.884+01:00  INFO 11152 --- [shop.backend] [main] w.s.c.ServletWebServerApplicationContext : Root WebApplicationContext: initialization completed in 1051 ms
2026-01-08T21:17:29.938+01:00  INFO 11152 --- [shop.backend] [main] com.zaxxer.hikari.HikariDataSource       : HikariPool-1 - Starting...
2026-01-08T21:17:30.026+01:00  INFO 11152 --- [shop.backend] [main] com.zaxxer.hikari.pool.HikariPool        : HikariPool-1 - Added connection org.mariadb.jdbc.Connection@4ea17147
2026-01-08T21:17:30.028+01:00  INFO 11152 --- [shop.backend] [main] com.zaxxer.hikari.HikariDataSource       : HikariPool-1 - Start completed.
2026-01-08T21:17:30.078+01:00  INFO 11152 --- [shop.backend] [main] o.f.c.internal.license.VersionPrinter    : Flyway Community Edition 9.22.3 by Redgate
2026-01-08T21:17:30.078+01:00  INFO 11152 --- [shop.backend] [main] o.f.c.internal.license.VersionPrinter    : See release notes here: https://rd.gt/416ObMi
2026-01-08T21:17:30.078+01:00  INFO 11152 --- [shop.backend] [main] o.f.c.internal.license.VersionPrinter    : 
2026-01-08T21:17:30.091+01:00  WARN 11152 --- [shop.backend] [main] o.m.jdbc.message.server.ErrorPacket      : Error: 1193-HY000: Unknown system variable 'WSREP_ON'
2026-01-08T21:17:30.104+01:00  INFO 11152 --- [shop.backend] [main] org.flywaydb.core.FlywayExecutor         : Database: jdbc:mariadb://localhost/shop_v2 (MariaDB 10.4)
2026-01-08T21:17:30.142+01:00  INFO 11152 --- [shop.backend] [main] o.f.c.i.s.JdbcTableSchemaHistory         : Repair of failed migration in Schema History table `shop_v2`.`flyway_schema_history` not necessary. No failed migration detected.
2026-01-08T21:17:30.152+01:00  INFO 11152 --- [shop.backend] [main] o.f.core.internal.command.DbRepair       : Successfully repaired schema history table `shop_v2`.`flyway_schema_history` (execution time 00:00.040s).
2026-01-08T21:17:30.154+01:00  WARN 11152 --- [shop.backend] [main] o.m.jdbc.message.server.ErrorPacket      : Error: 1193-HY000: Unknown system variable 'WSREP_ON'
2026-01-08T21:17:30.161+01:00  INFO 11152 --- [shop.backend] [main] o.f.core.internal.command.DbValidate     : Successfully validated 3 migrations (execution time 00:00.003s)
2026-01-08T21:17:30.168+01:00  INFO 11152 --- [shop.backend] [main] o.f.core.internal.command.DbMigrate      : Current version of schema `shop_v2`: 3
2026-01-08T21:17:30.170+01:00  INFO 11152 --- [shop.backend] [main] o.f.core.internal.command.DbMigrate      : Schema `shop_v2` is up to date. No migration necessary.
2026-01-08T21:17:30.231+01:00  INFO 11152 --- [shop.backend] [main] o.hibernate.jpa.internal.util.LogHelper  : HHH000204: Processing PersistenceUnitInfo [name: default]
2026-01-08T21:17:30.287+01:00  INFO 11152 --- [shop.backend] [main] org.hibernate.Version                    : HHH000412: Hibernate ORM core version 6.6.33.Final
2026-01-08T21:17:30.316+01:00  INFO 11152 --- [shop.backend] [main] o.h.c.internal.RegionFactoryInitiator    : HHH000026: Second-level cache disabled
2026-01-08T21:17:30.520+01:00  INFO 11152 --- [shop.backend] [main] o.s.o.j.p.SpringPersistenceUnitInfo      : No LoadTimeWeaver setup: ignoring JPA class transformer
2026-01-08T21:17:30.557+01:00  WARN 11152 --- [shop.backend] [main] org.hibernate.orm.deprecation            : HHH90000025: MariaDBDialect does not need to be specified explicitly using 'hibernate.dialect' (remove the property setting and it will be selected by default)
2026-01-08T21:17:30.568+01:00  INFO 11152 --- [shop.backend] [main] org.hibernate.orm.connections.pooling    : HHH10001005: Database info:
	Database JDBC URL [Connecting through datasource 'HikariDataSource (HikariPool-1)']
	Database driver: undefined/unknown
	Database version: 10.4.32
	Autocommit mode: undefined/unknown
	Isolation level: undefined/unknown
	Minimum pool size: undefined/unknown
	Maximum pool size: undefined/unknown
2026-01-08T21:17:31.244+01:00  INFO 11152 --- [shop.backend] [main] o.h.e.t.j.p.i.JtaPlatformInitiator       : HHH000489: No JTA platform available (set 'hibernate.transaction.jta.platform' to enable JTA platform integration)
2026-01-08T21:17:31.248+01:00  INFO 11152 --- [shop.backend] [main] j.LocalContainerEntityManagerFactoryBean : Initialized JPA EntityManagerFactory for persistence unit 'default'
2026-01-08T21:17:31.513+01:00  INFO 11152 --- [shop.backend] [main] eAuthenticationProviderManagerConfigurer : Global AuthenticationManager configured with AuthenticationProvider bean with name authenticationProvider
2026-01-08T21:17:31.513+01:00  WARN 11152 --- [shop.backend] [main] r$InitializeUserDetailsManagerConfigurer : Global AuthenticationManager configured with an AuthenticationProvider bean. UserDetailsService beans will not be used by Spring Security for automatically configuring username/password login. Consider removing the AuthenticationProvider bean. Alternatively, consider using the UserDetailsService in a manually instantiated DaoAuthenticationProvider. If the current configuration is intentional, to turn off this warning, increase the logging level of 'org.springframework.security.config.annotation.authentication.configuration.InitializeUserDetailsBeanManagerConfigurer' to ERROR
2026-01-08T21:17:31.549+01:00  INFO 11152 --- [shop.backend] [main] o.s.d.j.r.query.QueryEnhancerFactory     : Hibernate is in classpath; If applicable, HQL parser will be used.
2026-01-08T21:17:32.050+01:00  WARN 11152 --- [shop.backend] [main] JpaBaseConfiguration$JpaWebConfiguration : spring.jpa.open-in-view is enabled by default. Therefore, database queries may be performed during view rendering. Explicitly configure spring.jpa.open-in-view to disable this warning
2026-01-08T21:17:32.067+01:00  INFO 11152 --- [shop.backend] [main] o.s.b.a.w.s.WelcomePageHandlerMapping    : Adding welcome page: class path resource [static/index.html]
2026-01-08T21:17:32.403+01:00  INFO 11152 --- [shop.backend] [main] o.s.b.w.embedded.tomcat.TomcatWebServer  : Tomcat started on port 8081 (http) with context path '/'
2026-01-08T21:17:32.409+01:00  INFO 11152 --- [shop.backend] [main] com.api.shop.backend.Application         : Started Application in 3.92 seconds (process running for 4.16)
2026-01-08T21:17:52.991+01:00  INFO 11152 --- [shop.backend] [http-nio-8081-exec-1] o.a.c.c.C.[Tomcat].[localhost].[/]       : Initializing Spring DispatcherServlet 'dispatcherServlet'
2026-01-08T21:17:52.991+01:00  INFO 11152 --- [shop.backend] [http-nio-8081-exec-1] o.s.web.servlet.DispatcherServlet        : Initializing Servlet 'dispatcherServlet'
2026-01-08T21:17:52.992+01:00  INFO 11152 --- [shop.backend] [http-nio-8081-exec-1] o.s.web.servlet.DispatcherServlet        : Completed initialization in 1 ms
